<?xml version="1.0" encoding="UTF-8"?>
<!-- Generated by org.testng.reporters.JUnitXMLReporter -->
<testsuite hostname="WINDOWS-FKEG046" failures="0" tests="6" name="Default test" time="17.071" errors="0" timestamp="11 Feb 2022 17:08:54 GMT">
  <testcase classname="dropdownpackage.DropdownTest" name="verifyDropdown" time="0.217"/>
  <testcase classname="filedownloadpackage.FileDownloadTest" name="verifyFileDownload" time="0.427"/>
  <testcase classname="formauthenticationpackage.FormAuthenticationTest" name="verifyInvalidPasswordLogin" time="0.726"/>
  <testcase classname="formauthenticationpackage.FormAuthenticationTest" name="verifyInvalidUsernameLogin" time="0.678"/>
  <testcase classname="formauthenticationpackage.FormAuthenticationTest" name="verifyValidLogin" time="1.135"/>
  <testcase classname="keypressespackage.KeyPressesTest" name="verifyKeyPresses" time="0.109"/>
</testsuite> <!-- Default test -->
